CFramework-marster/proguard.cfg
# This is a configuration file for ProGuard.
# http://proguard.sourceforge.net/index.html#manual/usage.html

# Optimizations: If you don't want to optimize, use the
# proguard-android.txt configuration file instead of this one, which
# turns off the optimization flags.  Adding optimization introduces
# certain risks, since for example not all optimizations performed by
# ProGuard works on all versions of Dalvik.  The following flags turn
# off various optimizations known to have issues, but the list may not
# be complete or up to date. (The "arithmetic" optimization can be
# used if you are only targeting Android 2.0 or later.)  Make sure you
# test thoroughly if you go this route.
-optimizations !code/simplification/arithmetic,!code/simplification/cast,!field/*,!class/merging/*
-optimizationpasses 5
-allowaccessmodification
-dontpreverify

# The remainder of this file is identical to the non-optimized version
# of the Proguard configuration file (except that the other file has
# flags to turn off optimization).

-optimizationpasses 5
-dontusemixedcaseclassnames
-dontskipnonpubliclibraryclasses
-dontpreverify
-verbose
-optimizations !code/simplification/arithmetic,!field/*,!class/merging/*
-dontwarn
-libraryjars libs/activation.jar
-libraryjars libs/additionnal.jar
-libraryjars libs/android-support-v4.jar
-libraryjars libs/com.umeng.message.lib.jar
-libraryjars libs/mail.jar
-libraryjars libs/umeng-analytics-v5.2.3.jar
-libraryjars libs/umeng-update-v2.4.2.jar

-dontskipnonpubliclibraryclassmembers
-dontskipnonpubliclibraryclasses

-keep public class * extends android.app.Activity
-keep public class * extends android.app.Application
-keep public class * extends android.app.Service
-keep public class * extends android.content.BroadcastReceiver
-keep public class * extends android.content.ContentProvider
-keep public class com.android.vending.licensing.ILicensingService

-keepclasseswithmembernames class * {
native <methods>;
}
-keepclasseswithmembers class * {
public <init>(android.content.Context, android.util.AttributeSet);
}
-keepclasseswithmembers class * {
public <init>(android.content.Context, android.util.AttributeSet, int);
}
-keepclassmembers class * extends android.app.Activity {
public void *(android.view.View);
}
-keepclassmembers enum * {
public static **[] values();
public static ** valueOf(java.lang.String);
}
-keep class * implements android.os.Parcelable {
public static final android.os.Parcelable$Creator *;
}
-keep class com.cc.app.entry.** {*;}
-keep class com.umeng.** {*;}
-keep class org.agoo.ut.device.** {*;}
-keep class org.android.agoo.** {*;}
-keep class myjava.awt.** {*;}
-keep class org.apache.** {*;}
-keep class com.sun.** {*;}
-keep class javax.security.sasl.** {*;}
-keep class javax.mail.** {*;}
-keep class javax.activation.** {*;}
-keep class java.awt.** {*;} 
-keep class android.support.v4.** {*;}