CFramework-marster/proguard/seeds.txt
javax.activation.DataSource
javax.activation.DataSource: java.io.InputStream getInputStream()
javax.activation.DataSource: java.io.OutputStream getOutputStream()
javax.activation.DataSource: java.lang.String getContentType()
javax.activation.DataSource: java.lang.String getName()
javax.activation.DataSourceDataContentHandler
javax.activation.DataSourceDataContentHandler: javax.activation.DataSource ds
javax.activation.DataSourceDataContentHandler: myjava.awt.datatransfer.DataFlavor[] transferFlavors
javax.activation.DataSourceDataContentHandler: javax.activation.DataContentHandler dch
javax.activation.DataSourceDataContentHandler: DataSourceDataContentHandler(javax.activation.DataContentHandler,javax.activation.DataSource)
javax.activation.DataSourceDataContentHandler: myjava.awt.datatransfer.DataFlavor[] getTransferDataFlavors()
javax.activation.DataSourceDataContentHandler: java.lang.Object getTransferData(myjava.awt.datatransfer.DataFlavor,javax.activation.DataSource)
javax.activation.DataSourceDataContentHandler: java.lang.Object getContent(javax.activation.DataSource)
javax.activation.DataSourceDataContentHandler: void writeTo(java.lang.Object,java.lang.String,java.io.OutputStream)
javax.activation.FileDataSource
javax.activation.FileDataSource: java.io.File _file
javax.activation.FileDataSource: javax.activation.FileTypeMap typeMap
javax.activation.FileDataSource: FileDataSource(java.io.File)
javax.activation.FileDataSource: FileDataSource(java.lang.String)
javax.activation.FileDataSource: java.io.InputStream getInputStream()
javax.activation.FileDataSource: java.io.OutputStream getOutputStream()
javax.activation.FileDataSource: java.lang.String getContentType()
javax.activation.FileDataSource: java.lang.String getName()
javax.activation.FileDataSource: java.io.File getFile()
javax.activation.FileDataSource: void setFileTypeMap(javax.activation.FileTypeMap)
javax.activation.FileTypeMap
javax.activation.FileTypeMap: javax.activation.FileTypeMap defaultMap
javax.activation.FileTypeMap: void <clinit>()
javax.activation.FileTypeMap: FileTypeMap()
javax.activation.FileTypeMap: java.lang.String getContentType(java.io.File)
javax.activation.FileTypeMap: java.lang.String getContentType(java.lang.String)
javax.activation.FileTypeMap: void setDefaultFileTypeMap(javax.activation.FileTypeMap)
javax.activation.FileTypeMap: javax.activation.FileTypeMap getDefaultFileTypeMap()
javax.activation.MailcapCommandMap
javax.activation.MailcapCommandMap: com.sun.activation.registries.MailcapFile defDB
javax.activation.MailcapCommandMap: com.sun.activation.registries.MailcapFile[] DB
javax.activation.MailcapCommandMap: int PROG
javax.activation.MailcapCommandMap: void <clinit>()
javax.activation.MailcapCommandMap: MailcapCommandMap()
javax.activation.MailcapCommandMap: com.sun.activation.registries.MailcapFile loadResource(java.lang.String)
javax.activation.MailcapCommandMap: void loadAllResources(java.util.List,java.lang.String)
javax.activation.MailcapCommandMap: com.sun.activation.registries.MailcapFile loadFile(java.lang.String)
javax.activation.MailcapCommandMap: MailcapCommandMap(java.lang.String)
javax.activation.MailcapCommandMap: MailcapCommandMap(java.io.InputStream)
javax.activation.MailcapCommandMap: javax.activation.CommandInfo[] getPreferredCommands(java.lang.String)
javax.activation.MailcapCommandMap: void appendPrefCmdsToList(java.util.Map,java.util.List)
javax.activation.MailcapCommandMap: boolean checkForVerb(java.util.List,java.lang.String)
javax.activation.MailcapCommandMap: javax.activation.CommandInfo[] getAllCommands(java.lang.String)
javax.activation.MailcapCommandMap: void appendCmdsToList(java.util.Map,java.util.List)
javax.activation.MailcapCommandMap: javax.activation.CommandInfo getCommand(java.lang.String,java.lang.String)
javax.activation.MailcapCommandMap: void addMailcap(java.lang.String)