CFramework-marster/proguard/mapping.txt
android.support.v4.print.PrintHelper$PrintHelperKitkatImpl -> android.support.v4.print.PrintHelper$PrintHelperKitkatImpl:
    android.support.v4.print.PrintHelperKitkat mPrintHelper -> mPrintHelper
    void setScaleMode(int) -> setScaleMode
    int getScaleMode() -> getScaleMode
    void setColorMode(int) -> setColorMode
    int getColorMode() -> getColorMode
    void setOrientation(int) -> setOrientation
    int getOrientation() -> getOrientation
    void printBitmap(java.lang.String,android.graphics.Bitmap) -> printBitmap
    void printBitmap(java.lang.String,android.net.Uri) -> printBitmap
android.support.v4.print.PrintHelper$PrintHelperStubImpl -> android.support.v4.print.PrintHelper$PrintHelperStubImpl:
    int mScaleMode -> mScaleMode
    int mColorMode -> mColorMode
    int mOrientation -> mOrientation
    void setScaleMode(int) -> setScaleMode
    int getColorMode() -> getColorMode
    void setColorMode(int) -> setColorMode
    void setOrientation(int) -> setOrientation
    int getOrientation() -> getOrientation
    int getScaleMode() -> getScaleMode
    void printBitmap(java.lang.String,android.graphics.Bitmap) -> printBitmap
    void printBitmap(java.lang.String,android.net.Uri) -> printBitmap
android.support.v4.print.PrintHelper$PrintHelperVersionImpl -> android.support.v4.print.PrintHelper$PrintHelperVersionImpl:
    void setScaleMode(int) -> setScaleMode
    int getScaleMode() -> getScaleMode
    void setColorMode(int) -> setColorMode
    int getColorMode() -> getColorMode
    void setOrientation(int) -> setOrientation
    int getOrientation() -> getOrientation
    void printBitmap(java.lang.String,android.graphics.Bitmap) -> printBitmap
    void printBitmap(java.lang.String,android.net.Uri) -> printBitmap
android.support.v4.print.PrintHelperKitkat -> android.support.v4.print.PrintHelperKitkat:
    java.lang.String LOG_TAG -> LOG_TAG
    int MAX_PRINT_SIZE -> MAX_PRINT_SIZE
    android.content.Context mContext -> mContext
    android.graphics.BitmapFactory$Options mDecodeOptions -> mDecodeOptions
    java.lang.Object mLock -> mLock
    int SCALE_MODE_FIT -> SCALE_MODE_FIT
    int SCALE_MODE_FILL -> SCALE_MODE_FILL
    int ORIENTATION_LANDSCAPE -> ORIENTATION_LANDSCAPE
    int ORIENTATION_PORTRAIT -> ORIENTATION_PORTRAIT
    int COLOR_MODE_MONOCHROME -> COLOR_MODE_MONOCHROME
    int COLOR_MODE_COLOR -> COLOR_MODE_COLOR
    int mScaleMode -> mScaleMode
    int mColorMode -> mColorMode
    int mOrientation -> mOrientation
    void setScaleMode(int) -> setScaleMode
    int getScaleMode() -> getScaleMode
    void setColorMode(int) -> setColorMode
    void setOrientation(int) -> setOrientation
    int getOrientation() -> getOrientation
    int getColorMode() -> getColorMode
    void printBitmap(java.lang.String,android.graphics.Bitmap) -> printBitmap
    android.graphics.Matrix getMatrix(int,int,android.graphics.RectF,int) -> getMatrix
    void printBitmap(java.lang.String,android.net.Uri) -> printBitmap
    android.graphics.Bitmap loadConstrainedBitmap(android.net.Uri,int) -> loadConstrainedBitmap
    android.graphics.Bitmap loadBitmap(android.net.Uri,android.graphics.BitmapFactory$Options) -> loadBitmap
android.support.v4.print.PrintHelperKitkat$1 -> android.support.v4.print.PrintHelperKitkat$1:
    android.print.PrintAttributes mAttributes -> mAttributes
    java.lang.String val$jobName -> val$jobName
    android.graphics.Bitmap val$bitmap -> val$bitmap
    int val$fittingMode -> val$fittingMode
    android.support.v4.print.PrintHelperKitkat this$0 -> this$0
    void onLayout(android.print.PrintAttributes,android.print.PrintAttributes,android.os.CancellationSignal,android.print.PrintDocumentAdapter$LayoutResultCallback,android.os.Bundle) -> onLayout
    void onWrite(android.print.PageRange[],android.os.ParcelFileDescriptor,android.os.CancellationSignal,android.print.PrintDocumentAdapter$WriteResultCallback) -> onWrite