CFramework-marster/proguard/usage.txt
u.aly.aC:
    88:94:public void a(u.aly.az,java.lang.String,java.lang.String)
    107:117:public varargs void a(u.aly.az,byte[],u.aly.aG,u.aly.aG[])
    128:128:public varargs java.lang.Boolean a(byte[],u.aly.aG,u.aly.aG[])
    140:140:public varargs java.lang.Byte b(byte[],u.aly.aG,u.aly.aG[])
    152:152:public varargs java.lang.Double c(byte[],u.aly.aG,u.aly.aG[])
    164:164:public varargs java.lang.Short d(byte[],u.aly.aG,u.aly.aG[])
    176:176:public varargs java.lang.Integer e(byte[],u.aly.aG,u.aly.aG[])
    188:188:public varargs java.lang.Long f(byte[],u.aly.aG,u.aly.aG[])
    200:200:public varargs java.lang.String g(byte[],u.aly.aG,u.aly.aG[])
    213:213:public varargs java.nio.ByteBuffer h(byte[],u.aly.aG,u.aly.aG[])
    226:237:public varargs java.lang.Short i(byte[],u.aly.aG,u.aly.aG[])
    242:294:private varargs java.lang.Object a(byte,byte[],u.aly.aG,u.aly.aG[])
    298:335:private varargs u.aly.aT j(byte[],u.aly.aG,u.aly.aG[])
    346:347:public void a(u.aly.az,java.lang.String)
u.aly.aD
u.aly.aE
u.aly.aF:
    private static final long a
    43:44:public aF(java.lang.String,java.lang.Throwable)
u.aly.aG:
    public abstract java.lang.String b()
u.aly.aH
u.aly.aI:
    97:99:public java.lang.String a(u.aly.az,java.lang.String)
    112:112:public java.lang.String b(u.aly.az)
u.aly.aJ:
    56:58:protected aJ(u.aly.aG,java.lang.Object)
    60:66:protected aJ(u.aly.aJ)
    69:80:private static java.lang.Object a(java.lang.Object)
    85:89:private static java.util.Map a(java.util.Map)
    93:97:private static java.util.Set a(java.util.Set)
    101:105:private static java.util.List a(java.util.List)
    117:121:public java.lang.Object b(u.aly.aG)
    125:125:public java.lang.Object c(int)
    133:133:public boolean c(u.aly.aG)
    137:137:public boolean d(int)
    145:148:public void b(u.aly.aG,java.lang.Object)
    151:152:public void a(int,java.lang.Object)
    protected abstract void a(u.aly.aG,java.lang.Object)
    206:208:public final void b()
u.aly.aL:
    63:72:public static java.util.Map a(java.lang.Class)
u.aly.aM:
    47:52:public aM(byte,java.lang.String)
    55:55:public boolean a()
    59:59:public java.lang.String b()
    63:63:public boolean c()
    67:67:public boolean d()
    71:71:public boolean e()
u.aly.aP
u.aly.aR:
    protected static final int a
    protected static final int b
    85:86:public aR(u.aly.bm)
    95:105:public void a(u.aly.aW)
    107:107:public void a()
    140:142:public void a(u.aly.bc)
    144:144:public void g()
    210:221:public u.aly.aW h()
    225:225:public void i()
u.aly.aS:
    private static final byte h
    private static final byte i
    private static final byte j
    private static final byte k
    private static final int l
    152:153:public aS(u.aly.bm)
    170:174:public void a(u.aly.aW)
    266:267:public void a(u.aly.bc)
    353:353:public void a()
    356:356:public void g()
    473:485:public u.aly.aW h()
    701:701:public void i()
u.aly.aS$a:
    74:76:public aS$a(int)
u.aly.aS$b
u.aly.aT:
    46:46:public boolean a(u.aly.aT)
u.aly.aW
u.aly.aX
u.aly.aY:
    41:41:private aY()
    59:59:public u.aly.bm C()
    public abstract void a(u.aly.aW)
    public abstract void a()
    public abstract void a(u.aly.bc)
    public abstract void g()
    public abstract void a(byte)
    public abstract u.aly.aW h()
    public abstract void i()
u.aly.aZ:
    private static final long h
    public static final int a
    public static final int b
    public static final int c
    public static final int d
    public static final int e
    public static final int f
    46:48:public aZ(int)
    51:53:public aZ(int,java.lang.String)
    60:62:public aZ(int,java.lang.Throwable)
    65:66:public aZ(java.lang.Throwable)
    69:70:public aZ(java.lang.String,java.lang.Throwable)
    73:75:public aZ(int,java.lang.String,java.lang.Throwable)
    78:78:public int a()